<?xml version="1.0" encoding="UTF-8"?>
<!-- Generated by org.testng.reporters.JUnitXMLReporter -->
<testsuite ignored="15" hostname="SD-PC-W10-5179" failures="0" tests="3" name="SelectAssetTest" time="18.206" errors="0" timestamp="10 Apr 2019 14:49:37 GMT">
  <testcase classname="com.ecoos.tests.AssetMenuTest" name="ChooseAsset" time="6.079"/>
  <testcase classname="com.ecoos.tests.AssetMenuTest" name="SetParameters" time="6.092"/>
  <testcase classname="com.ecoos.tests.AssetMenuTest" name="clickapply" time="6.024"/>
  <testcase classname="com.ecoos.tests.SelectAssetsTest" name="ClickApply" time="0.0">
    <ignored/>
  </testcase> <!-- ClickApply -->
  <testcase classname="com.ecoos.tests.CollectTest" name="Analyze" time="0.0">
    <ignored/>
  </testcase> <!-- Analyze -->
  <testcase classname="com.ecoos.tests.LoginTest" name="ValidLogin" time="0.0">
    <ignored/>
  </testcase> <!-- ValidLogin -->
  <testcase classname="com.ecoos.tests.LoginTest" name="InvalidEmail" time="0.0">
    <ignored/>
  </testcase> <!-- InvalidEmail -->
  <testcase classname="com.ecoos.tests.CollectTest" name="OpenCategory" time="0.0">
    <ignored/>
  </testcase> <!-- OpenCategory -->
  <testcase classname="com.ecoos.tests.SelectAssetsTest" name="SelectChild" time="0.0">
    <ignored/>
  </testcase> <!-- SelectChild -->
  <testcase classname="com.ecoos.tests.CollectTest" name="Review" time="0.0">
    <ignored/>
  </testcase> <!-- Review -->
  <testcase classname="com.ecoos.tests.CollectTest" name="ProctcolTest" time="0.0">
    <ignored/>
  </testcase> <!-- ProctcolTest -->
  <testcase classname="com.ecoos.tests.CollectTest" name="YearsTest" time="0.0">
    <ignored/>
  </testcase> <!-- YearsTest -->
  <testcase classname="com.ecoos.tests.SelectAssetsTest" name="SelectAll" time="0.0">
    <ignored/>
  </testcase> <!-- SelectAll -->
  <testcase classname="com.ecoos.tests.LoginTest" name="InvalidPassword" time="0.0">
    <ignored/>
  </testcase> <!-- InvalidPassword -->
  <testcase classname="com.ecoos.tests.SelectAssetsTest" name="SelectSecondChild" time="0.0">
    <ignored/>
  </testcase> <!-- SelectSecondChild -->
  <testcase classname="com.ecoos.tests.CollectTest" name="SelectAsset" time="0.0">
    <ignored/>
  </testcase> <!-- SelectAsset -->
  <testcase classname="com.ecoos.tests.CollectTest" name="Collect" time="0.0">
    <ignored/>
  </testcase> <!-- Collect -->
  <testcase classname="com.ecoos.tests.CollectTest" name="Report" time="0.0">
    <ignored/>
  </testcase> <!-- Report -->
</testsuite> <!-- SelectAssetTest -->
