<?xml version="1.0" encoding="UTF-8"?>
<!-- Generated by org.testng.reporters.JUnitXMLReporter -->
<testsuite ignored="11" hostname="SD-PC-W10-5179" failures="1" tests="4" name="SelectAssetTest" time="0.147" errors="0" timestamp="10 Apr 2019 14:49:15 GMT">
  <testcase classname="com.ecoos.tests.SelectAssetsTest" name="SelectAll" time="0.08"/>
  <testcase classname="com.ecoos.tests.SelectAssetsTest" name="SelectChild" time="0.014"/>
  <testcase classname="com.ecoos.tests.SelectAssetsTest" name="SelectSecondChild" time="0.017"/>
  <testcase classname="com.ecoos.tests.SelectAssetsTest" name="ClickApply" time="0.026">
    <failure type="org.junit.ComparisonFailure" message="expected:&amp;lt;http://172.22.1.107/[login]&amp;gt; but was:&amp;lt;http://172.22.1.107/[new-collect/3]&amp;gt;">
      <![CDATA[org.junit.ComparisonFailure: expected:<http://172.22.1.107/[login]> but was:<http://172.22.1.107/[new-collect/3]>
at org.junit.Assert.assertEquals(Assert.java:115)
at org.junit.Assert.assertEquals(Assert.java:144)
at com.ecoos.tests.SelectAssetsTest.ClickApply(SelectAssetsTest.java:30)
... Removed 26 stack frames]]>
    </failure>
  </testcase> <!-- ClickApply -->
  <testcase classname="com.ecoos.tests.CollectTest" name="Review" time="0.0">
    <ignored/>
  </testcase> <!-- Review -->
  <testcase classname="com.ecoos.tests.CollectTest" name="ProctcolTest" time="0.0">
    <ignored/>
  </testcase> <!-- ProctcolTest -->
  <testcase classname="com.ecoos.tests.CollectTest" name="YearsTest" time="0.0">
    <ignored/>
  </testcase> <!-- YearsTest -->
  <testcase classname="com.ecoos.tests.LoginTest" name="InvalidPassword" time="0.0">
    <ignored/>
  </testcase> <!-- InvalidPassword -->
  <testcase classname="com.ecoos.tests.CollectTest" name="Analyze" time="0.0">
    <ignored/>
  </testcase> <!-- Analyze -->
  <testcase classname="com.ecoos.tests.CollectTest" name="SelectAsset" time="0.0">
    <ignored/>
  </testcase> <!-- SelectAsset -->
  <testcase classname="com.ecoos.tests.CollectTest" name="Collect" time="0.0">
    <ignored/>
  </testcase> <!-- Collect -->
  <testcase classname="com.ecoos.tests.LoginTest" name="ValidLogin" time="0.0">
    <ignored/>
  </testcase> <!-- ValidLogin -->
  <testcase classname="com.ecoos.tests.LoginTest" name="InvalidEmail" time="0.0">
    <ignored/>
  </testcase> <!-- InvalidEmail -->
  <testcase classname="com.ecoos.tests.CollectTest" name="OpenCategory" time="0.0">
    <ignored/>
  </testcase> <!-- OpenCategory -->
  <testcase classname="com.ecoos.tests.CollectTest" name="Report" time="0.0">
    <ignored/>
  </testcase> <!-- Report -->
</testsuite> <!-- SelectAssetTest -->
