<?xml version="1.0" encoding="UTF-8"?>
<!-- Generated by org.testng.reporters.JUnitXMLReporter -->
<testsuite ignored="0" hostname="SD-LP-W10-5179" failures="0" tests="3" name="Login Test" time="1.869" errors="0" timestamp="12 Jun 2019 12:34:28 GMT">
  <testcase classname="com.ecoos.tests.LoginTest" name="InvalidEmail" time="0.719"/>
  <testcase classname="com.ecoos.tests.LoginTest" name="InvalidPassword" time="0.585"/>
  <testcase classname="com.ecoos.tests.LoginTest" name="ValidLogin" time="0.532"/>
</testsuite> <!-- Login Test -->
