<?xml version="1.0" encoding="UTF-8"?>
<!-- Generated by org.testng.reporters.JUnitXMLReporter -->
<testsuite ignored="24" hostname="SD-LP-W10-5179" failures="0" tests="10" name="SelectAssetTest" time="49.256" errors="0" timestamp="16 Jun 2019 08:36:37 GMT">
  <testcase classname="com.ecoos.tests.LoginTest" name="ValidLogin" time="8.389"/>
  <testcase classname="com.ecoos.tests.CollectTest" name="OpenCategory" time="8.11"/>
  <testcase classname="com.ecoos.tests.CollectTest" name="SelectAsset" time="8.166"/>
  <testcase classname="com.ecoos.tests.SelectAssetsTest" name="SelectSecondChild" time="5.148"/>
  <testcase classname="com.ecoos.tests.SelectAssetsTest" name="ClickApply" time="6.094"/>
  <testcase classname="com.ecoos.tests.AssetMenuTest" name="ChooseAsset" time="0.023"/>
  <testcase classname="com.ecoos.tests.AssetMenuTest" name="SetParameters" time="0.489"/>
  <testcase classname="com.ecoos.tests.AssetMenuTest" name="SelectAllDPs" time="6.636"/>
  <testcase classname="com.ecoos.tests.AssetMenuTest" name="clickapply" time="6.128"/>
  <testcase classname="com.ecoos.tests.CollectOperationTest" name="scrollDown" time="0.021"/>
  <testcase classname="com.ecoos.tests.CollectTest" name="Analyze" time="0.0">
    <ignored/>
  </testcase> <!-- Analyze -->
  <testcase classname="com.ecoos.tests.CollectTest" name="UploadLogo" time="0.0">
    <ignored/>
  </testcase> <!-- UploadLogo -->
  <testcase classname="com.ecoos.tests.CollectOperationTest" name="Answer" time="0.0">
    <ignored/>
  </testcase> <!-- Answer -->
  <testcase classname="com.ecoos.tests.AssetMenuTest" name="conevrtMTA" time="0.0">
    <ignored/>
  </testcase> <!-- conevrtMTA -->
  <testcase classname="com.ecoos.tests.LoginTest" name="InvalidEmail" time="0.0">
    <ignored/>
  </testcase> <!-- InvalidEmail -->
  <testcase classname="com.ecoos.base.BaseTest" name="@AfterSuite afterSuite" time="0.0">
    <ignored/>
  </testcase> <!-- @AfterSuite afterSuite -->
  <testcase classname="com.ecoos.base.BaseTest" name="@AfterSuite afterSuite" time="0.0">
    <ignored/>
  </testcase> <!-- @AfterSuite afterSuite -->
  <testcase classname="com.ecoos.base.BaseTest" name="@AfterSuite afterSuite" time="0.0">
    <ignored/>
  </testcase> <!-- @AfterSuite afterSuite -->
  <testcase classname="com.ecoos.base.BaseTest" name="@AfterSuite afterSuite" time="0.0">
    <ignored/>
  </testcase> <!-- @AfterSuite afterSuite -->
  <testcase classname="com.ecoos.tests.SelectAssetsTest" name="SelectChild" time="0.0">
    <ignored/>
  </testcase> <!-- SelectChild -->
  <testcase classname="com.ecoos.tests.AssetMenuTest" name="OpenSection" time="0.0">
    <ignored/>
  </testcase> <!-- OpenSection -->
  <testcase classname="com.ecoos.tests.CollectTest" name="Review" time="0.0">
    <ignored/>
  </testcase> <!-- Review -->
  <testcase classname="com.ecoos.tests.CollectTest" name="ProctcolTest" time="0.0">
    <ignored/>
  </testcase> <!-- ProctcolTest -->
  <testcase classname="com.ecoos.tests.CollectTest" name="YearsTest" time="0.0">
    <ignored/>
  </testcase> <!-- YearsTest -->
  <testcase classname="com.ecoos.tests.SelectAssetsTest" name="SelectAll" time="0.0">
    <ignored/>
  </testcase> <!-- SelectAll -->
  <testcase classname="com.ecoos.tests.LoginTest" name="InvalidPassword" time="0.0">
    <ignored/>
  </testcase> <!-- InvalidPassword -->
  <testcase classname="com.ecoos.tests.CollectOperationTest" name="CheckDP" time="0.0">
    <ignored/>
  </testcase> <!-- CheckDP -->
  <testcase classname="com.ecoos.tests.CollectTest" name="Collect" time="0.0">
    <ignored/>
  </testcase> <!-- Collect -->
  <testcase classname="com.ecoos.base.BaseTest" name="@BeforeSuite beforeSuite" time="0.0">
    <ignored/>
  </testcase> <!-- @BeforeSuite beforeSuite -->
  <testcase classname="com.ecoos.base.BaseTest" name="@BeforeSuite beforeSuite" time="0.0">
    <ignored/>
  </testcase> <!-- @BeforeSuite beforeSuite -->
  <testcase classname="com.ecoos.base.BaseTest" name="@BeforeSuite beforeSuite" time="0.0">
    <ignored/>
  </testcase> <!-- @BeforeSuite beforeSuite -->
  <testcase classname="com.ecoos.base.BaseTest" name="@BeforeSuite beforeSuite" time="0.0">
    <ignored/>
  </testcase> <!-- @BeforeSuite beforeSuite -->
  <testcase classname="com.ecoos.tests.CollectOperationTest" name="Tools" time="0.0">
    <ignored/>
  </testcase> <!-- Tools -->
  <testcase classname="com.ecoos.tests.CollectTest" name="Report" time="0.0">
    <ignored/>
  </testcase> <!-- Report -->
</testsuite> <!-- SelectAssetTest -->
